<?xml version="1.0" encoding="UTF-8"?>
<testng-results ignored="7" total="25" passed="17" failed="1" skipped="0">
  <reporter-output>
  </reporter-output>
  <suite started-at="2022-12-10T17:50:08 IST" name="Suite" finished-at="2022-12-10T17:53:17 IST" duration-ms="189104">
    <groups>
      <group name="UserPage">
        <method signature="LoginPageTest1.UserPageTest()[pri:4, instance:Test.LoginPageTest1@6b81ce95]" name="UserPageTest" class="Test.LoginPageTest1"/>
      </group> <!-- UserPage -->
    </groups>
    <test started-at="2022-12-10T17:50:08 IST" name="Test" finished-at="2022-12-10T17:53:17 IST" duration-ms="189104">
      <class name="Test.UsersPageTest2">
        <test-method is-config="true" signature="objectInitiate()[pri:0, instance:Test.UsersPageTest2@5b239d7d]" started-at="2022-12-10T17:50:24 IST" name="objectInitiate" finished-at="2022-12-10T17:50:24 IST" duration-ms="30" status="PASS">
          <reporter-output>
          </reporter-output>
        </test-method> <!-- objectInitiate -->
        <test-method signature="AddUserTest1()[pri:6, instance:Test.UsersPageTest2@5b239d7d]" started-at="2022-12-10T17:50:24 IST" name="AddUserTest1" depends-on-groups="UserPage" finished-at="2022-12-10T17:50:54 IST" duration-ms="29869" status="PASS">
          <reporter-output>
          </reporter-output>
        </test-method> <!-- AddUserTest1 -->
        <test-method signature="DeleteUsers()[pri:7, instance:Test.UsersPageTest2@5b239d7d]" started-at="2022-12-10T17:50:54 IST" name="DeleteUsers" finished-at="2022-12-10T17:51:05 IST" duration-ms="10766" status="PASS">
          <reporter-output>
          </reporter-output>
        </test-method> <!-- DeleteUsers -->
        <test-method signature="AdAgency()[pri:8, instance:Test.UsersPageTest2@5b239d7d]" started-at="2022-12-10T17:51:05 IST" name="AdAgency" finished-at="2022-12-10T17:51:19 IST" duration-ms="14395" status="PASS">
          <reporter-output>
          </reporter-output>
        </test-method> <!-- AdAgency -->
        <test-method signature="SearchAgency()[pri:9, instance:Test.UsersPageTest2@5b239d7d]" started-at="2022-12-10T17:51:19 IST" name="SearchAgency" finished-at="2022-12-10T17:51:22 IST" duration-ms="2646" status="PASS">
          <reporter-output>
          </reporter-output>
        </test-method> <!-- SearchAgency -->
        <test-method signature="deleteAgency()[pri:10, instance:Test.UsersPageTest2@5b239d7d]" started-at="2022-12-10T17:51:22 IST" name="deleteAgency" finished-at="2022-12-10T17:51:25 IST" duration-ms="3605" status="PASS">
          <reporter-output>
          </reporter-output>
        </test-method> <!-- deleteAgency -->
        <test-method signature="SearchingJd()[pri:11, instance:Test.UsersPageTest2@5b239d7d]" started-at="2022-12-10T17:51:25 IST" name="SearchingJd" finished-at="2022-12-10T17:51:29 IST" duration-ms="4160" status="PASS">
          <reporter-output>
          </reporter-output>
        </test-method> <!-- SearchingJd -->
        <test-method signature="addJD()[pri:12, instance:Test.UsersPageTest2@5b239d7d]" started-at="2022-12-10T17:51:29 IST" name="addJD" finished-at="2022-12-10T17:52:10 IST" duration-ms="40531" status="PASS">
          <reporter-output>
          </reporter-output>
        </test-method> <!-- addJD -->
        <test-method signature="ViewProfileJD()[pri:13, instance:Test.UsersPageTest2@5b239d7d]" started-at="2022-12-10T17:52:10 IST" name="ViewProfileJD" finished-at="2022-12-10T17:52:23 IST" duration-ms="12664" status="PASS">
          <reporter-output>
          </reporter-output>
        </test-method> <!-- ViewProfileJD -->
        <test-method signature="panelistAdd()[pri:16, instance:Test.UsersPageTest2@5b239d7d]" started-at="2022-12-10T17:52:23 IST" name="panelistAdd" finished-at="2022-12-10T17:52:32 IST" duration-ms="9162" status="PASS">
          <reporter-output>
          </reporter-output>
        </test-method> <!-- panelistAdd -->
        <test-method signature="addingSlots()[pri:17, instance:Test.UsersPageTest2@5b239d7d]" started-at="2022-12-10T17:52:32 IST" name="addingSlots" finished-at="2022-12-10T17:53:10 IST" duration-ms="38069" status="PASS">
          <reporter-output>
          </reporter-output>
        </test-method> <!-- addingSlots -->
        <test-method signature="searchingPanelists()[pri:18, instance:Test.UsersPageTest2@5b239d7d]" started-at="2022-12-10T17:53:10 IST" name="searchingPanelists" finished-at="2022-12-10T17:53:16 IST" duration-ms="6363" status="PASS">
          <reporter-output>
          </reporter-output>
        </test-method> <!-- searchingPanelists -->
        <test-method signature="editingPanelists()[pri:19, instance:Test.UsersPageTest2@5b239d7d]" started-at="2022-12-10T17:53:16 IST" name="editingPanelists" finished-at="2022-12-10T17:53:17 IST" duration-ms="996" status="FAIL">
          <exception class="org.openqa.selenium.StaleElementReferenceException">
            <message>
              <![CDATA[stale element reference: element is not attached to the page document
  (Session info: chrome=108.0.5359.99)
For documentation on this error, please visit: https://selenium.dev/exceptions/#stale_element_reference
Build info: version: '4.4.0', revision: 'e5c75ed026a'
System info: host: 'DESKTOP-91HRFE0', ip: '192.168.1.144', os.name: 'Windows 10', os.arch: 'amd64', os.version: '10.0', java.version: '18.0.2'
Driver info: org.openqa.selenium.chrome.ChromeDriver
Command: [03343259c1979649125daa99a9b4d240, clickElement {id=55a02cfa-adce-435e-ac74-b8d0986ca48e}]
Capabilities {acceptInsecureCerts: false, browserName: chrome, browserVersion: 108.0.5359.99, chrome: {chromedriverVersion: 107.0.5304.62 (1eec40d3a576..., userDataDir: C:\Users\BRIGOS~1\AppData\L...}, goog:chromeOptions: {debuggerAddress: localhost:58569}, networkConnectionEnabled: false, pageLoadStrategy: normal, platformName: WINDOWS, proxy: Proxy(), se:cdp: ws://localhost:58569/devtoo..., se:cdpVersion: 108.0.5359.99, setWindowRect: true, strictFileInteractability: false, timeouts: {implicit: 0, pageLoad: 300000, script: 30000}, unhandledPromptBehavior: dismiss and notify, webauthn:extension:credBlob: true, webauthn:extension:largeBlob: true, webauthn:virtualAuthenticators: true}
Element: [[ChromeDriver: chrome on WINDOWS (03343259c1979649125daa99a9b4d240)] -> xpath: (//span[@class='anticon anticon-edit'])[1]]
Session ID: 03343259c1979649125daa99a9b4d240]]>
            </message>
            <full-stacktrace>
              <![CDATA[org.openqa.selenium.StaleElementReferenceException: stale element reference: element is not attached to the page document
  (Session info: chrome=108.0.5359.99)
For documentation on this error, please visit: https://selenium.dev/exceptions/#stale_element_reference
Build info: version: '4.4.0', revision: 'e5c75ed026a'
System info: host: 'DESKTOP-91HRFE0', ip: '192.168.1.144', os.name: 'Windows 10', os.arch: 'amd64', os.version: '10.0', java.version: '18.0.2'
Driver info: org.openqa.selenium.chrome.ChromeDriver
Command: [03343259c1979649125daa99a9b4d240, clickElement {id=55a02cfa-adce-435e-ac74-b8d0986ca48e}]
Capabilities {acceptInsecureCerts: false, browserName: chrome, browserVersion: 108.0.5359.99, chrome: {chromedriverVersion: 107.0.5304.62 (1eec40d3a576..., userDataDir: C:\Users\BRIGOS~1\AppData\L...}, goog:chromeOptions: {debuggerAddress: localhost:58569}, networkConnectionEnabled: false, pageLoadStrategy: normal, platformName: WINDOWS, proxy: Proxy(), se:cdp: ws://localhost:58569/devtoo..., se:cdpVersion: 108.0.5359.99, setWindowRect: true, strictFileInteractability: false, timeouts: {implicit: 0, pageLoad: 300000, script: 30000}, unhandledPromptBehavior: dismiss and notify, webauthn:extension:credBlob: true, webauthn:extension:largeBlob: true, webauthn:virtualAuthenticators: true}
Element: [[ChromeDriver: chrome on WINDOWS (03343259c1979649125daa99a9b4d240)] -> xpath: (//span[@class='anticon anticon-edit'])[1]]
Session ID: 03343259c1979649125daa99a9b4d240
at java.base/jdk.internal.reflect.DirectConstructorHandleAccessor.newInstance(DirectConstructorHandleAccessor.java:67)
at java.base/java.lang.reflect.Constructor.newInstanceWithCaller(Constructor.java:499)
at java.base/java.lang.reflect.Constructor.newInstance(Constructor.java:483)
at org.openqa.selenium.remote.codec.w3c.W3CHttpResponseCodec.createException(W3CHttpResponseCodec.java:200)
at org.openqa.selenium.remote.codec.w3c.W3CHttpResponseCodec.decode(W3CHttpResponseCodec.java:133)
at org.openqa.selenium.remote.codec.w3c.W3CHttpResponseCodec.decode(W3CHttpResponseCodec.java:53)
at org.openqa.selenium.remote.HttpCommandExecutor.execute(HttpCommandExecutor.java:184)
at org.openqa.selenium.remote.service.DriverCommandExecutor.invokeExecute(DriverCommandExecutor.java:167)
at org.openqa.selenium.remote.service.DriverCommandExecutor.execute(DriverCommandExecutor.java:142)
at org.openqa.selenium.remote.RemoteWebDriver.execute(RemoteWebDriver.java:547)
at org.openqa.selenium.remote.RemoteWebElement.execute(RemoteWebElement.java:257)
at org.openqa.selenium.remote.RemoteWebElement.click(RemoteWebElement.java:78)
at PageOrder.PanelistsPage.EditPanelist(PanelistsPage.java:218)
at Test.UsersPageTest2.editingPanelists(UsersPageTest2.java:204)
at java.base/jdk.internal.reflect.DirectMethodHandleAccessor.invoke(DirectMethodHandleAccessor.java:104)
at java.base/java.lang.reflect.Method.invoke(Method.java:577)
at org.testng.internal.MethodInvocationHelper.invokeMethod(MethodInvocationHelper.java:133)
at org.testng.internal.TestInvoker.invokeMethod(TestInvoker.java:598)
at org.testng.internal.TestInvoker.invokeTestMethod(TestInvoker.java:173)
at org.testng.internal.MethodRunner.runInSequence(MethodRunner.java:46)
at org.testng.internal.TestInvoker$MethodInvocationAgent.invoke(TestInvoker.java:824)
at org.testng.internal.TestInvoker.invokeTestMethods(TestInvoker.java:146)
at org.testng.internal.TestMethodWorker.invokeTestMethods(TestMethodWorker.java:146)
at org.testng.internal.TestMethodWorker.run(TestMethodWorker.java:128)
at java.base/java.util.ArrayList.forEach(ArrayList.java:1511)
at org.testng.TestRunner.privateRun(TestRunner.java:794)
at org.testng.TestRunner.run(TestRunner.java:596)
at org.testng.SuiteRunner.runTest(SuiteRunner.java:377)
at org.testng.SuiteRunner.runSequentially(SuiteRunner.java:371)
at org.testng.SuiteRunner.privateRun(SuiteRunner.java:332)
at org.testng.SuiteRunner.run(SuiteRunner.java:276)
at org.testng.SuiteRunnerWorker.runSuite(SuiteRunnerWorker.java:53)
at org.testng.SuiteRunnerWorker.run(SuiteRunnerWorker.java:96)
at org.testng.TestNG.runSuitesSequentially(TestNG.java:1212)
at org.testng.TestNG.runSuitesLocally(TestNG.java:1134)
at org.testng.TestNG.runSuites(TestNG.java:1063)
at org.testng.TestNG.run(TestNG.java:1031)
at org.testng.remote.AbstractRemoteTestNG.run(AbstractRemoteTestNG.java:115)
at org.testng.remote.RemoteTestNG.initAndRun(RemoteTestNG.java:251)
at org.testng.remote.RemoteTestNG.main(RemoteTestNG.java:77)
]]>
            </full-stacktrace>
          </exception> <!-- org.openqa.selenium.StaleElementReferenceException -->
          <reporter-output>
          </reporter-output>
        </test-method> <!-- editingPanelists -->
      </class> <!-- Test.UsersPageTest2 -->
      <class name="Test.JobsPageTest">
        <test-method is-config="true" signature="initilization()[pri:0, instance:Test.JobsPageTest@4fb61f4a]" started-at="2022-12-10T17:50:02 IST" name="initilization" finished-at="2022-12-10T17:50:08 IST" duration-ms="5669" status="PASS">
          <reporter-output>
          </reporter-output>
        </test-method> <!-- initilization -->
      </class> <!-- Test.JobsPageTest -->
      <class name="Test.LoginPageTest1">
        <test-method is-config="true" signature="objectInitiate()[pri:0, instance:Test.LoginPageTest1@6b81ce95]" started-at="2022-12-10T17:50:08 IST" name="objectInitiate" finished-at="2022-12-10T17:50:08 IST" duration-ms="215" status="PASS">
          <reporter-output>
          </reporter-output>
        </test-method> <!-- objectInitiate -->
        <test-method signature="LoginPageLogo()[pri:0, instance:Test.LoginPageTest1@6b81ce95]" started-at="2022-12-10T17:50:08 IST" name="LoginPageLogo" finished-at="2022-12-10T17:50:11 IST" duration-ms="2216" status="PASS">
          <reporter-output>
          </reporter-output>
        </test-method> <!-- LoginPageLogo -->
        <test-method signature="forgetPasswordLink()[pri:1, instance:Test.LoginPageTest1@6b81ce95]" started-at="2022-12-10T17:50:11 IST" name="forgetPasswordLink" finished-at="2022-12-10T17:50:11 IST" depends-on-methods="Test.LoginPageTest1.LoginPageLogo" duration-ms="647" status="PASS">
          <reporter-output>
          </reporter-output>
        </test-method> <!-- forgetPasswordLink -->
        <test-method signature="LoginButtonDisplay()[pri:2, instance:Test.LoginPageTest1@6b81ce95]" started-at="2022-12-10T17:50:11 IST" name="LoginButtonDisplay" finished-at="2022-12-10T17:50:12 IST" depends-on-methods="Test.LoginPageTest1.forgetPasswordLink" duration-ms="561" status="PASS">
          <reporter-output>
          </reporter-output>
        </test-method> <!-- LoginButtonDisplay -->
        <test-method signature="HiringTitleTest()[pri:3, instance:Test.LoginPageTest1@6b81ce95]" started-at="2022-12-10T17:50:12 IST" name="HiringTitleTest" finished-at="2022-12-10T17:50:12 IST" depends-on-methods="Test.LoginPageTest1.LoginButtonDisplay" duration-ms="11" status="PASS">
          <reporter-output>
          </reporter-output>
        </test-method> <!-- HiringTitleTest -->
        <test-method signature="UserPageTest()[pri:4, instance:Test.LoginPageTest1@6b81ce95]" started-at="2022-12-10T17:50:12 IST" name="UserPageTest" finished-at="2022-12-10T17:50:23 IST" depends-on-methods="Test.LoginPageTest1.HiringTitleTest" duration-ms="10733" status="PASS">
          <reporter-output>
          </reporter-output>
        </test-method> <!-- UserPageTest -->
        <test-method signature="LogoTest()[pri:5, instance:Test.LoginPageTest1@6b81ce95]" started-at="2022-12-10T17:50:23 IST" name="LogoTest" finished-at="2022-12-10T17:50:24 IST" duration-ms="1237" status="PASS">
          <reporter-output>
          </reporter-output>
        </test-method> <!-- LogoTest -->
      </class> <!-- Test.LoginPageTest1 -->
    </test> <!-- Test -->
  </suite> <!-- Suite -->
</testng-results>
